mode: set
github.com/anucha-tk/learn_go_test/main.go:11.13,19.2 6 0
github.com/anucha-tk/learn_go_test/main.go:21.14,26.2 4 0
github.com/anucha-tk/learn_go_test/main.go:28.15,30.2 1 0
github.com/anucha-tk/learn_go_test/main.go:32.40,34.6 2 0
github.com/anucha-tk/learn_go_test/main.go:34.6,36.11 2 0
github.com/anucha-tk/learn_go_test/main.go:36.11,38.4 1 0
github.com/anucha-tk/learn_go_test/main.go:39.3,40.11 2 0
github.com/anucha-tk/learn_go_test/main.go:44.57,47.44 2 0
github.com/anucha-tk/learn_go_test/main.go:47.44,49.3 1 0
github.com/anucha-tk/learn_go_test/main.go:51.2,52.16 2 0
github.com/anucha-tk/learn_go_test/main.go:52.16,54.3 1 0
github.com/anucha-tk/learn_go_test/main.go:55.2,57.19 2 0
github.com/anucha-tk/learn_go_test/main.go:60.36,61.22 1 1
github.com/anucha-tk/learn_go_test/main.go:61.22,63.3 1 1
github.com/anucha-tk/learn_go_test/main.go:65.2,65.11 1 1
github.com/anucha-tk/learn_go_test/main.go:65.11,67.3 1 1
github.com/anucha-tk/learn_go_test/main.go:69.2,69.28 1 1
github.com/anucha-tk/learn_go_test/main.go:69.28,70.15 1 1
github.com/anucha-tk/learn_go_test/main.go:70.15,72.4 1 1
github.com/anucha-tk/learn_go_test/main.go:75.2,75.54 1 1
