mode: set
github.com/anucha-tk/learn_go_test/main.go:12.13,20.2 6 0
github.com/anucha-tk/learn_go_test/main.go:22.14,27.2 4 1
github.com/anucha-tk/learn_go_test/main.go:29.15,31.2 1 1
github.com/anucha-tk/learn_go_test/main.go:33.54,35.6 2 1
github.com/anucha-tk/learn_go_test/main.go:35.6,37.11 2 1
github.com/anucha-tk/learn_go_test/main.go:37.11,39.4 1 1
github.com/anucha-tk/learn_go_test/main.go:40.3,41.11 2 1
github.com/anucha-tk/learn_go_test/main.go:45.57,48.44 2 1
github.com/anucha-tk/learn_go_test/main.go:48.44,50.3 1 1
github.com/anucha-tk/learn_go_test/main.go:52.2,53.16 2 1
github.com/anucha-tk/learn_go_test/main.go:53.16,55.3 1 1
github.com/anucha-tk/learn_go_test/main.go:56.2,58.19 2 1
github.com/anucha-tk/learn_go_test/main.go:61.36,62.22 1 1
github.com/anucha-tk/learn_go_test/main.go:62.22,64.3 1 1
github.com/anucha-tk/learn_go_test/main.go:66.2,66.11 1 1
github.com/anucha-tk/learn_go_test/main.go:66.11,68.3 1 1
github.com/anucha-tk/learn_go_test/main.go:70.2,70.28 1 1
github.com/anucha-tk/learn_go_test/main.go:70.28,71.15 1 1
github.com/anucha-tk/learn_go_test/main.go:71.15,73.4 1 1
github.com/anucha-tk/learn_go_test/main.go:76.2,76.54 1 1
